Arguments: 
  /usr/bin/node /usr/share/yarn/bin/yarn.js

PATH: 
  /home/andrew/project/commitizen/node_modules/.bin:/home/andrew/.local/bin:/usr/local/sbin:/usr/local/bin:/usr/sbin:/usr/bin:/sbin:/bin:/usr/games:/usr/local/games:/snap/bin

Yarn version: 
  1.22.5

Node version: 
  14.18.1

Platform: 
  linux x64

Trace: 
  SyntaxError: /home/andrew/project/commitizen/package.json: Unexpected token } in JSON at position 424
      at JSON.parse (<anonymous>)
      at /usr/share/yarn/lib/cli.js:1625:59
      at Generator.next (<anonymous>)
      at step (/usr/share/yarn/lib/cli.js:310:30)
      at /usr/share/yarn/lib/cli.js:321:13

npm manifest: 
  {
    "devDependencies": {
      "commitizen": "^4.2.4",
      "cz-customizable": "6.3.0",
      "husky": "^7.0.4",
      "@commitlint/cli": "^15.0.0"
    },
    "config": {
      "commitizen": {
        "path": "./node_modules/cz-customizable"
      },
      "cz-customizable": {
        "config": "./commitizen.config.js"
      }
    },
    "husky": {
      "hooks": {
        "commit-msg": "commitlint -E HUSKY_GIT_PARAMS -g './commitlint.config.js'"
      }
    },
  }

yarn manifest: 
  No manifest

Lockfile: 
  No lockfile
